
==============================================

!Sun May 15 12:40:12 IST 2022

Processing file Books_Postgre_Rest_APP/gen/Rest_APP.msgflow.
Successfully added file Books_Postgre_Rest_APP/gen/Rest_APP.msgflow to BAR file.

==============================================

!Sun May 15 12:40:12 IST 2022

Processing file Books_Postgre_Rest_APP/deleteBook.subflow.
Successfully added file Books_Postgre_Rest_APP/deleteBook.subflow to BAR file.

==============================================

!Sun May 15 12:40:12 IST 2022

Processing file Books_Postgre_Rest_APP/deleteBook_Compute.esql.
Successfully added file Books_Postgre_Rest_APP/deleteBook_Compute.esql to BAR file.

==============================================

!Sun May 15 12:40:12 IST 2022

Processing file Books_Postgre_Rest_APP/deleteBook_Compute1.esql.
Successfully added file Books_Postgre_Rest_APP/deleteBook_Compute1.esql to BAR file.

==============================================

!Sun May 15 12:40:12 IST 2022

Processing file Books_Postgre_Rest_APP/deleteBook_error.esql.
Successfully added file Books_Postgre_Rest_APP/deleteBook_error.esql to BAR file.

==============================================

!Sun May 15 12:40:12 IST 2022

Processing file Books_Postgre_Rest_APP/getBook.subflow.
Successfully added file Books_Postgre_Rest_APP/getBook.subflow to BAR file.

==============================================

!Sun May 15 12:40:12 IST 2022

Processing file Books_Postgre_Rest_APP/getBook_Compute.esql.
Successfully added file Books_Postgre_Rest_APP/getBook_Compute.esql to BAR file.

==============================================

!Sun May 15 12:40:12 IST 2022

Processing file Books_Postgre_Rest_APP/getBook_ResponseFromDB.esql.
Successfully added file Books_Postgre_Rest_APP/getBook_ResponseFromDB.esql to BAR file.

==============================================

!Sun May 15 12:40:12 IST 2022

Processing file Books_Postgre_Rest_APP/getBook_sendToPostgre.esql.
Successfully added file Books_Postgre_Rest_APP/getBook_sendToPostgre.esql to BAR file.

==============================================

!Sun May 15 12:40:12 IST 2022

Processing file Books_Postgre_Rest_APP/postBook.subflow.
Successfully added file Books_Postgre_Rest_APP/postBook.subflow to BAR file.

==============================================

!Sun May 15 12:40:12 IST 2022

Processing file Books_Postgre_Rest_APP/postBook_error.esql.
Successfully added file Books_Postgre_Rest_APP/postBook_error.esql to BAR file.

==============================================

!Sun May 15 12:40:12 IST 2022

Processing file Books_Postgre_Rest_APP/postBook_fromDB.esql.
Successfully added file Books_Postgre_Rest_APP/postBook_fromDB.esql to BAR file.

==============================================

!Sun May 15 12:40:12 IST 2022

Processing file Books_Postgre_Rest_APP/postBook_toDB.esql.
Successfully added file Books_Postgre_Rest_APP/postBook_toDB.esql to BAR file.

==============================================

!Sun May 15 12:40:12 IST 2022

Processing file Books_Postgre_Rest_APP/putBook.subflow.
Successfully added file Books_Postgre_Rest_APP/putBook.subflow to BAR file.

==============================================

!Sun May 15 12:40:12 IST 2022

Processing file Books_Postgre_Rest_APP/putBook_ToDB.esql.
Successfully added file Books_Postgre_Rest_APP/putBook_ToDB.esql to BAR file.

==============================================

!Sun May 15 12:40:12 IST 2022

Processing file Books_Postgre_Rest_APP/putBook_error.esql.
Successfully added file Books_Postgre_Rest_APP/putBook_error.esql to BAR file.

==============================================

!Sun May 15 12:40:12 IST 2022

Processing file Books_Postgre_Rest_APP/putBook_fromDB.esql.
Successfully added file Books_Postgre_Rest_APP/putBook_fromDB.esql to BAR file.

==============================================

!Sun May 15 12:40:12 IST 2022

Processing file Books_Postgre_Rest_APP/restapi.descriptor.
Successfully added file Books_Postgre_Rest_APP/restapi.descriptor to BAR file.
Elapsed time: 0 second(s).

Successfully added file Books_Postgre_Rest_APP/restapi.descriptor to BAR file.

==============================================

!Sun May 15 12:40:12 IST 2022

Processing file Books_Postgre_Rest_APP/restapi.descriptor.
Successfully added file Books_Postgre_Rest_APP/restapi.descriptor to BAR file.
Elapsed time: 0 second(s).

Successfully added file Books_Postgre_Rest_APP/restapi.descriptor to BAR file.

==============================================

!Sun May 15 12:40:12 IST 2022

Processing file Books_Postgre_Rest_APP/swagger.json.
Successfully added file Books_Postgre_Rest_APP/swagger.json to BAR file.
Elapsed time: 0 second(s).

Successfully added file Books_Postgre_Rest_APP/swagger.json to BAR file.
